<?xml version="1.0" encoding="UTF-8"?>
<!-- Generated by org.testng.reporters.JUnitXMLReporter -->
<testsuite ignored="0" hostname="DESKTOP-4LTNLGB" failures="0" tests="3" name="Surefire test" time="41.804" errors="0" timestamp="2025-09-29T17:10:05 IST">
  <testcase classname="com.automationtesting.test.DatepickerTest" name="chooseDatePicker" time="19.542"/>
  <testcase classname="com.automationtesting.test.FrameTest" name="TestinFrame" time="0.238"/>
  <testcase classname="com.automationtesting.test.getUrlandTitleTest" name="getURLandTitleFromChildPage" time="6.504"/>
</testsuite> <!-- Surefire test -->
