<?xml version="1.0" encoding="UTF-8"?>
<testng-results ignored="0" total="1" passed="1" failed="0" skipped="0">
  <reporter-output>
  </reporter-output>
  <suite started-at="2025-09-30T11:23:13 IST" name="Default suite" finished-at="2025-09-30T11:23:49 IST" duration-ms="36006">
    <groups>
    </groups>
    <test started-at="2025-09-30T11:23:13 IST" name="Default test" finished-at="2025-09-30T11:23:49 IST" duration-ms="36006">
      <class name="com.automationtesting.test.DatepickerTest">
        <test-method is-config="true" signature="launchBrowser(java.lang.String)[pri:0, instance:com.automationtesting.test.DatepickerTest@7eac9008]" started-at="2025-09-30T11:23:13 IST" name="launchBrowser" finished-at="2025-09-30T11:23:27 IST" duration-ms="13194" status="PASS">
          <params>
            <param index="0">
              <value>
                <![CDATA[chrome]]>
              </value>
            </param>
          </params>
          <reporter-output>
          </reporter-output>
        </test-method> <!-- launchBrowser -->
        <test-method signature="chooseDatePicker()[pri:0, instance:com.automationtesting.test.DatepickerTest@7eac9008]" started-at="2025-09-30T11:23:27 IST" name="chooseDatePicker" finished-at="2025-09-30T11:23:46 IST" duration-ms="19551" status="PASS">
          <reporter-output>
          </reporter-output>
        </test-method> <!-- chooseDatePicker -->
        <test-method is-config="true" signature="closeBrowser()[pri:0, instance:com.automationtesting.test.DatepickerTest@7eac9008]" started-at="2025-09-30T11:23:46 IST" name="closeBrowser" finished-at="2025-09-30T11:23:49 IST" duration-ms="3223" status="PASS">
          <reporter-output>
          </reporter-output>
        </test-method> <!-- closeBrowser -->
      </class> <!-- com.automationtesting.test.DatepickerTest -->
    </test> <!-- Default test -->
  </suite> <!-- Default suite -->
</testng-results>
